<?xml version="1.0" encoding="UTF-8"?>
<!-- Generated by org.testng.reporters.JUnitXMLReporter -->
<testsuite hostname="MacBook-Pro-toutes-ALEXANDROS-3.local" name="Test Pollfish basic flow" tests="2" failures="0" timestamp="26 May 2021 17:12:12 GMT" time="24.576" errors="0">
  <testcase name="testStep_1" time="0.47" classname="com.pollfishqa.quality.PollfishQATest"/>
  <testcase name="testStep_2" time="1.566" classname="com.pollfishqa.quality.PollfishQATest"/>
</testsuite> <!-- Test Pollfish basic flow -->
